<?xml version="1.0" encoding="UTF-8"?>
<!-- Generated by org.testng.reporters.JUnitXMLReporter -->
<testsuite ignored="0" hostname="Jays-MBP-2.attlocal.net" failures="0" tests="2" name="Test" time="6.451" errors="0" timestamp="2023-06-29T12:46:48 EDT">
  <testcase classname="package_01.parameterization" name="@AfterMethod signOut" time="2.032">
    <failure type="org.openqa.selenium.NoSuchElementException" message="Cannot locate an element using css selector=.hidden-sm-down.logout
For documentation on this error, please visit: https://www.seleniumhq.org/exceptions/no_such_element.html
Build info: version: &amp;apos;3.141.59&amp;apos;, revision: &amp;apos;e82be7d358&amp;apos;, time: &amp;apos;2018-11-14T08:25:48&amp;apos;
System info: host: &amp;apos;Jays-MBP-2.attlocal.net&amp;apos;, ip: &amp;apos;2600:1700:5988:200:25a9:a075:da6e:6dcf%en0&amp;apos;, os.name: &amp;apos;Mac OS X&amp;apos;, os.arch: &amp;apos;aarch64&amp;apos;, os.version: &amp;apos;13.4&amp;apos;, java.version: &amp;apos;11.0.18&amp;apos;
Driver info: driver.version: RemoteWebDriver">
      <![CDATA[org.openqa.selenium.NoSuchElementException: Cannot locate an element using css selector=.hidden-sm-down.logout
For documentation on this error, please visit: https://www.seleniumhq.org/exceptions/no_such_element.html
Build info: version: '3.141.59', revision: 'e82be7d358', time: '2018-11-14T08:25:48'
System info: host: 'Jays-MBP-2.attlocal.net', ip: '2600:1700:5988:200:25a9:a075:da6e:6dcf%en0', os.name: 'Mac OS X', os.arch: 'aarch64', os.version: '13.4', java.version: '11.0.18'
Driver info: driver.version: RemoteWebDriver
at org.openqa.selenium.remote.RemoteWebDriver.findElement(RemoteWebDriver.java:327)
at org.openqa.selenium.remote.RemoteWebDriver.findElementByCssSelector(RemoteWebDriver.java:420)
at org.openqa.selenium.By$ByCssSelector.findElement(By.java:431)
at org.openqa.selenium.remote.RemoteWebDriver.findElement(RemoteWebDriver.java:315)
at package_01.parameterization.signOut(parameterization.java:52)
at java.base/java.util.ArrayList.forEach(ArrayList.java:1541)
... Removed 32 stack frames]]>
    </failure>
  </testcase> <!-- @AfterMethod signOut -->
  <testcase classname="package_01.parameterization" name="@AfterMethod signOut" time="-1.688057208525E9">
    <skipped/>
  </testcase> <!-- @AfterMethod signOut -->
  <testcase classname="package_01.parameterization" name="signIn" time="4.396"/>
  <testcase classname="package_01.parameterization" name="test" time="0.0">
    <skipped/>
  </testcase> <!-- test -->
</testsuite> <!-- Test -->
